<?xml version="1.0" encoding="UTF-8"?>
<!-- Generated by org.testng.reporters.JUnitReportReporter -->
<testsuite hostname="DESKTOP-N8M4MHJ" name="DogsCEO" tests="3" failures="0" timestamp="18 Oct 2020 23:47:27 GMT" time="6.363" errors="0">
  <testcase name="test_1" time="4.432" classname="DogsCEO"/>
  <testcase name="test_2" time="1.074" classname="DogsCEO"/>
  <testcase name="test_3" time="0.857" classname="DogsCEO"/>
</testsuite> <!-- DogsCEO -->
