<?xml version="1.0" encoding="UTF-8"?>
<!-- Generated by org.testng.reporters.JUnitReportReporter -->
<testsuite hostname="DESKTOP-N8M4MHJ" name="Tests_GET" tests="1" failures="0" timestamp="18 Oct 2020 17:40:15 GMT" time="2.922" errors="0">
  <testcase name="test_3" time="2.922" classname="Tests_GET"/>
</testsuite> <!-- Tests_GET -->
