<?xml version="1.0" encoding="UTF-8"?>
<!-- Generated by org.testng.reporters.JUnitReportReporter -->
<testsuite hostname="DESKTOP-N8M4MHJ" name="Test01_GET" tests="2" failures="0" timestamp="18 Oct 2020 14:21:00 GMT" time="4.608" errors="0">
  <testcase name="test_02" time="1.439" classname="Test01_GET"/>
  <testcase name="test_01" time="3.169" classname="Test01_GET"/>
</testsuite> <!-- Test01_GET -->
