<?xml version="1.0" encoding="UTF-8"?>
<!-- Generated by org.testng.reporters.JUnitReportReporter -->
<testsuite hostname="DESKTOP-N8M4MHJ" name="PetStore" tests="1" failures="0" timestamp="18 Oct 2020 19:27:08 GMT" time="0.026" errors="0">
  <testcase name="test_2" time="0.026" classname="PetStore"/>
</testsuite> <!-- PetStore -->
